<?xml version="1.0" encoding="UTF-8"?>
<!-- Generated by org.testng.reporters.JUnitReportReporter -->
<testsuite hostname="DESKTOP-3FEU2P9" failures="0" tests="3" name="lambdatest.LambdaTestDemo" time="122.701" errors="0" timestamp="2024-01-18T15:36:17 IST" skipped="0">
  <testcase classname="lambdatest.LambdaTestDemo" name="loginTestDemo" time="29.404"/>
  <system-out/>
  <testcase classname="lambdatest.LambdaTestDemo" name="loginTestDemo" time="48.754"/>
  <system-out/>
  <testcase classname="lambdatest.LambdaTestDemo" name="loginTestDemo" time="44.543"/>
  <system-out/>
</testsuite> <!-- lambdatest.LambdaTestDemo -->
