<?xml version="1.0" encoding="UTF-8"?>
<!-- Generated by org.testng.reporters.JUnitReportReporter -->
<testsuite hostname="DESKTOP-3FEU2P9" failures="0" tests="1" name="lambdatest.LambdaTestDemo1" time="38.148" errors="0" timestamp="2024-01-17T18:12:14 IST" skipped="0">
  <testcase classname="lambdatest.LambdaTestDemo1" name="loginTest" time="38.148"/>
  <system-out/>
</testsuite> <!-- lambdatest.LambdaTestDemo1 -->
