<?xml version="1.0" encoding="UTF-8"?>
<!-- Generated by org.testng.reporters.JUnitReportReporter -->
<testsuite hostname="DESKTOP-3FEU2P9" failures="0" tests="3" name="lambdatest.LambdaTestDemo" time="98.982" errors="0" timestamp="2024-01-17T18:24:42 IST" skipped="0">
  <testcase classname="lambdatest.LambdaTestDemo" name="loginTestDemo" time="55.495"/>
  <system-out/>
  <testcase classname="lambdatest.LambdaTestDemo" name="loginTestDemo" time="22.408"/>
  <system-out/>
  <testcase classname="lambdatest.LambdaTestDemo" name="loginTestDemo" time="21.079"/>
  <system-out/>
</testsuite> <!-- lambdatest.LambdaTestDemo -->
